<?xml version="1.0" encoding="UTF-8"?>
<!-- Generated by org.testng.reporters.JUnitReportReporter -->
<testsuite hostname="Shunta" failures="0" tests="1" name="runner.RunProject" time="37.915" errors="0" timestamp="2024-03-02T22:08:16 IST" skipped="0">
  <testcase classname="runner.RunProject" name="runScenario" time="37.915"/>
  <system-out/>
</testsuite> <!-- runner.RunProject -->
