<?xml version="1.0" encoding="UTF-8"?>
<!-- Generated by org.testng.reporters.JUnitReportReporter -->
<testsuite hostname="Shunta" failures="0" tests="1" name="runner.RunProject" time="25.270" errors="0" timestamp="2024-02-15T17:22:44 IST" skipped="0">
  <testcase classname="runner.RunProject" name="runScenario" time="25.270"/>
  <system-out/>
</testsuite> <!-- runner.RunProject -->
