<?xml version="1.0" encoding="UTF-8"?>
<!-- Generated by org.testng.reporters.JUnitReportReporter -->
<testsuite hostname="DESKTOP-5MAMO98" failures="0" tests="1" name="runner.RunProject" time="23.110" errors="0" timestamp="19 Oct 2023 20:46:04 GMT" skipped="0">
  <testcase classname="runner.RunProject" name="runScenario" time="23.110"/>
</testsuite> <!-- runner.RunProject -->
