<?xml version="1.0" encoding="UTF-8"?>
<!-- Generated by org.testng.reporters.JUnitReportReporter -->
<testsuite hostname="DESKTOP-5MAMO98" failures="0" tests="1" name="runner.RunProject" time="27.187" errors="0" timestamp="19 Oct 2023 22:47:28 GMT" skipped="0">
  <testcase classname="runner.RunProject" name="runScenario" time="27.187"/>
</testsuite> <!-- runner.RunProject -->
