<?xml version="1.0" encoding="UTF-8"?>
<!-- Generated by org.testng.reporters.JUnitReportReporter -->
<testsuite hostname="Shunta" failures="0" tests="1" name="com.test.TestClassWebdriverSetup" time="53.856" errors="0" timestamp="2024-02-29T21:01:45 IST" skipped="0">
  <testcase classname="com.test.TestClassWebdriverSetup" name="openTabmiles" time="53.856"/>
  <system-out/>
</testsuite> <!-- com.test.TestClassWebdriverSetup -->
