<?xml version="1.0" encoding="UTF-8"?>
<!-- Generated by org.testng.reporters.JUnitReportReporter -->
<testsuite hostname="Shunta" failures="0" tests="1" name="runner.RunProject" time="35.158" errors="0" timestamp="2024-02-15T11:45:59 IST" skipped="0">
  <testcase classname="runner.RunProject" name="runScenario" time="35.158"/>
  <system-out/>
</testsuite> <!-- runner.RunProject -->
