<?xml version="1.0" encoding="UTF-8"?>
<!-- Generated by org.testng.reporters.JUnitReportReporter -->
<testsuite hostname="Shunta" failures="0" tests="1" name="runner.RunProject" time="12.949" errors="0" timestamp="31 Jan 2024 13:12:23 GMT" skipped="0">
  <testcase classname="runner.RunProject" name="runScenario" time="12.949"/>
</testsuite> <!-- runner.RunProject -->
